Running: /opt/Xilinx/12.3/ISE_DS/ISE/bin/lin64/unwrapped/fuse -intstyle ise -incremental -lib unisims_ver -lib unimacro_ver -lib xilinxcorelib_ver -lib secureip -o /home/wu/ise12.3/lab6/myCpu/pcpuTest_isim_beh.exe -prj /home/wu/ise12.3/lab6/myCpu/pcpuTest_beh.prj work.pcpuTest work.glbl 
ISim M.70d (signature 0x61e1bd6e)
Number of CPUs detected in this system: 2
Turning on mult-threading, number of parallel sub-compilation jobs: 4 
Determining compilation order of HDL files
Analyzing Verilog file \"/home/wu/ise12.3/lab6/myCpu/pcpu.v\" into library work
Analyzing Verilog file \"/home/wu/ise12.3/lab6/myCpu/pcpuTest.v\" into library work
Analyzing Verilog file \"/opt/Xilinx/12.3/ISE_DS/ISE//verilog/src/glbl.v\" into library work
Starting static elaboration
Completed static elaboration
Fuse Memory Usage: 69980 KB
Fuse CPU Usage: 130 ms
Compiling module pcpu
Compiling module pcpuTest
Compiling module glbl
Time Resolution for simulation is 1ps.
Compiled 3 Verilog Units
Built simulation executable /home/wu/ise12.3/lab6/myCpu/pcpuTest_isim_beh.exe
Fuse Memory Usage: 374552 KB
Fuse CPU Usage: 310 ms
GCC CPU Usage: 3820 ms
