ISim log file
Running: /home/wu/ise12.3/lab6/myCpu/pcpuTest_isim_beh.exe -gui -tclbatch isim.cmd -wdb /home/wu/ise12.3/lab6/myCpu/pcpuTest_isim_beh.wdb 
ISim M.70d (signature 0x61e1bd6e)
This is a Full version of ISim.
Time resolution is 1 ps
# onerror resume
# wave add /
# run 1000 ns
Simulator is doing circuit initialization process.
pc:-----------idir-----------:regA :regB :regC :da:dd :w:regC1:gr1  :gr2  :gr3  :cf:zf:nf
Finished circuit initialization process.
xx:xxxxxxxxxxxxxxxx:xxxx:xxxx:xxxx:zz:zzzz:z:xxxx:xxxx:xxxx:xxxx:x:x:x 
00:0000000000000000:0000:0000:0000:zz:zzzz:z:0000:0000:0000:0000:0:0:0 
01:0001000100000000:0000:0000:0000:zz:zzzz:z:0000:0000:0000:0000:0:0:0 
02:1100000110000000:0000:0000:0000:zz:zzzz:z:0000:0000:0000:0000:0:0:0 
03:1100100100010000:0000:0080:0000:zz:zzzz:z:0000:0000:0000:0000:0:0:0 
04:1101000100100000:000a:0010:0080:zz:zzzz:z:000a:0000:0000:0000:0:0:0 
80:1101100100110000:000a:0020:001a:zz:zzzz:z:000a:000a:0000:0000:0:0:0 
1a:1110000101000000:000a:0030:002a:zz:zzzz:z:000a:000a:0000:0000:0:0:0 
1b:1110100101010000:000a:0040:003a:zz:zzzz:z:000a:000a:0000:0000:0:0:0 
3a:1111000101100000:000a:0050:004a:zz:zzzz:z:000a:000a:0000:0000:0:0:0 
3b:1111100101110000:000a:0060:005a:zz:zzzz:z:000a:000a:0000:0000:0:0:0 
5a:0000100000000000:000a:0070:006a:zz:zzzz:z:000a:000a:0000:0000:0:0:0 
5b:0000100000000000:0000:0000:007a:zz:zzzz:z:000a:000a:0000:0000:0:0:0 
7a:0000100000000000:0000:0000:0000:zz:zzzz:z:000a:000a:0000:0000:0:0:0 
7b:0000100000000000:0000:0000:0000:zz:zzzz:z:0000:000a:0000:0000:0:0:0 
7c:0000100000000000:0000:0000:0000:zz:zzzz:z:0000:000a:0000:0000:0:0:0 
# exit 0
